<?xml version="1.0" encoding="UTF-8"?>
<!-- Generated by org.testng.reporters.JUnitXMLReporter -->
<testsuite hostname="a25595" name="Sanity Ie" tests="1" failures="1" timestamp="18 Jan 2018 09:50:25 GMT" time="7.051" errors="0">
  <testcase name="f" time="3.232" classname="testCases.Sanity">
    <failure type="java.lang.AssertionError" message="expected [מרכזית חוף הכרמל] but found []">
      <![CDATA[java.lang.AssertionError: expected [מרכזית חוף הכרמל] but found []
	at testCases.Sanity.f(Sanity.java:34)
... Removed 29 stack frames]]>
    </failure>
  </testcase> <!-- f -->
</testsuite> <!-- Sanity Ie -->
